modules/my-wallpaper/android/build/intermediates/manifest_merge_blame_file/release/processReleaseManifest/manifest-merger-blame-release-report.txt
1<?xml version="1.0" encoding="utf-8"?>
2<manifest xmlns:android="http://schemas.android.com/apk/res/android"
3    package="expo.modules.mywallpaper" >
4
5    <uses-sdk android:minSdkVersion="24" />
6
7    <uses-permission android:name="android.permission.SET_WALLPAPER" />
7-->src/main/AndroidManifest.xml:2:5-71
7-->src/main/AndroidManifest.xml:2:22-69
8
9</manifest>